INFO:faiss.loader:Loading faiss with AVX2 support.
INFO:faiss.loader:Successfully loaded faiss with AVX2 support.
INFO:sentence_transformers.SentenceTransformer:Load pretrained SentenceTransformer: all-MiniLM-L6-v2
INFO:sentence_transformers.SentenceTransformer:Use pytorch device_name: mps

🚀 SwiftGen Test Runner
📅 2025-06-25 14:26:44
------------------------------------------------------------
[RAG Cache] Loaded 0 entries from persistent cache
[RAG] Cache manager initialized
[RAG] Loaded existing index with 107 documents
[RAG] Error loading swift_knowledge/patterns/swift_architectures.json: Invalid control character at: line 3 column 15 (char 84)
[RAG] Error loading swift_knowledge/patterns/ios_version_migrations.json: Invalid control character at: line 3 column 15 (char 78)
[RAG] Error loading swift_knowledge/patterns/swiftui_best_practices.json: Invalid control character at: line 3 column 15 (char 75)
[RAG] Error loading swift_knowledge/solutions/comprehensive_error_solutions.json: Invalid control character at: line 3 column 15 (char 83)
Batches:   0%|          | 0/1 [00:00<?, ?it/s]Batches: 100%|██████████| 1/1 [00:01<00:00,  1.47s/it]Batches: 100%|██████████| 1/1 [00:01<00:00,  1.47s/it]
INFO:enhanced_claude_service:✓ Initialized Claude 3.5 Sonnet
INFO:enhanced_claude_service:✓ Initialized GPT-4 Turbo
INFO:enhanced_claude_service:✓ Initialized xAI Grok
INFO:enhanced_claude_service:Initialized 3 LLM models out of 3 supported
INFO:enhanced_claude_service:  - Claude 3.5 Sonnet (anthropic) ✓
INFO:enhanced_claude_service:  - GPT-4 Turbo (openai) ✓
INFO:enhanced_claude_service:  - xAI Grok (xai) ✓
INFO:enhanced_claude_service:Default model set to: Claude 3.5 Sonnet
INFO:robust_error_recovery_system:Robust error recovery system initialized
[RAG] Total documents in knowledge base: 110
✓ RAG Knowledge Base initialized for build service
✓ File Structure Manager initialized for build service
✓ Debug Logger available for build service
✓ Robust error recovery system initialized with RAG support
============================================================
SwiftGen Automated Test Suite
============================================================

🧪 Testing US-1.1: Calculator Generation...
❌ US-1.1: Calculator Generation FAILED: ProjectManager.create_project() got an unexpected keyword argument 'description'

🧪 Testing US-1.2: Timer Generation...
❌ US-1.2: Timer Generation FAILED: ProjectManager.create_project() got an unexpected keyword argument 'description'

🧪 Testing US-1.3: Todo List Generation...
❌ US-1.3: Todo List Generation FAILED: ProjectManager.create_project() got an unexpected keyword argument 'description'

🧪 Testing US-1.4: Counter Generation...
❌ US-1.4: Counter Generation FAILED: ProjectManager.create_project() got an unexpected keyword argument 'description'

🧪 Testing US-2.1: Currency Converter Generation...
❌ US-2.1: Currency Converter Generation FAILED: ProjectManager.create_project() got an unexpected keyword argument 'description'

🧪 Testing US-2.2: Weather App Generation...
❌ US-2.2: Weather App Generation FAILED: ProjectManager.create_project() got an unexpected keyword argument 'description'

🧪 Testing US-3.1: Color Modification...
❌ US-3.1: Color Modification FAILED: ProjectManager.create_project() got an unexpected keyword argument 'description'

🧪 Testing US-3.2: Button Addition...
❌ US-3.2: Button Addition FAILED: ProjectManager.create_project() got an unexpected keyword argument 'description'

🧪 Testing US-3.3: Text Modification...
❌ US-3.3: Text Modification FAILED: ProjectManager.create_project() got an unexpected keyword argument 'description'

============================================================
Test Results Summary
============================================================
Total Tests: 9
Passed: 0 (0.0%)
Failed: 9 (100.0%)
Total Time: 0.0s
============================================================

Failed Tests:
  ❌ US-1.1: Calculator Generation: ProjectManager.create_project() got an unexpected keyword argument 'description'
  ❌ US-1.2: Timer Generation: ProjectManager.create_project() got an unexpected keyword argument 'description'
  ❌ US-1.3: Todo List Generation: ProjectManager.create_project() got an unexpected keyword argument 'description'
  ❌ US-1.4: Counter Generation: ProjectManager.create_project() got an unexpected keyword argument 'description'
  ❌ US-2.1: Currency Converter Generation: ProjectManager.create_project() got an unexpected keyword argument 'description'
  ❌ US-2.2: Weather App Generation: ProjectManager.create_project() got an unexpected keyword argument 'description'
  ❌ US-3.1: Color Modification: ProjectManager.create_project() got an unexpected keyword argument 'description'
  ❌ US-3.2: Button Addition: ProjectManager.create_project() got an unexpected keyword argument 'description'
  ❌ US-3.3: Text Modification: ProjectManager.create_project() got an unexpected keyword argument 'description'

Detailed report saved to: /Users/hirakbanerjee/Desktop/SwiftGen/swiftgen-mvp/backend/test_report.json

⚠️  CRITICAL: Tests failed!
DO NOT deploy changes until all tests pass!
[RAG] Updating knowledge base with latest GitHub repositories...
